<?xml version="1.0" encoding="UTF-8"?>
<testng-results ignored="0" total="1" passed="1" failed="0" skipped="0">
  <reporter-output>
  </reporter-output>
  <suite started-at="2025-06-19T21:14:29 IST" name="Keyword Driven Test Suite" finished-at="2025-06-19T21:15:23 IST" duration-ms="53327">
    <groups>
    </groups>
    <test started-at="2025-06-19T21:14:29 IST" name="Run DriverCode Test" finished-at="2025-06-19T21:15:23 IST" duration-ms="53327">
      <class name="DriverCode.DriverCode">
        <test-method signature="runScript()[pri:0, instance:DriverCode.DriverCode@5e0e82ae]" started-at="2025-06-19T21:14:29 IST" name="runScript" finished-at="2025-06-19T21:15:23 IST" duration-ms="53279" status="PASS">
          <reporter-output>
          </reporter-output>
        </test-method> <!-- runScript -->
      </class> <!-- DriverCode.DriverCode -->
    </test> <!-- Run DriverCode Test -->
  </suite> <!-- Keyword Driven Test Suite -->
</testng-results>
