<?xml version="1.0" encoding="UTF-8"?>
<!-- Generated by org.testng.reporters.JUnitReportReporter -->
<testsuite hostname="SHUBHECHCHHA" failures="0" tests="3" name="Practice.practice" time="11.182" errors="0" timestamp="2025-05-28T23:39:13 IST" skipped="0">
  <testcase classname="Practice.practice" name="launchWebsite" time="9.199"/>
  <testcase classname="Practice.practice" name="getTitle" time="0.011"/>
  <testcase classname="Practice.practice" name="login" time="1.972"/>
</testsuite> <!-- Practice.practice -->
